#
# A fatal error has been detected by the Java Runtime Environment:
#
#  EXCEPTION_ACCESS_VIOLATION (0xc0000005) at pc=0x00007ff8360f83dc, pid=6388, tid=7320
#
# JRE version: OpenJDK Runtime Environment (21.0.4) (build 21.0.4+-12508038-b607.1)
# Java VM: OpenJDK 64-Bit Server VM (21.0.4+-12508038-b607.1, mixed mode, tiered, compressed oops, compressed class ptrs, g1 gc, windows-amd64)
# Problematic frame:
# V  [jvm.dll+0x7483dc]
#
# No core dump will be written. Minidumps are not enabled by default on client versions of Windows
#
# If you would like to submit a bug report, please visit:
#   https://youtrack.jetbrains.com/issues/JBR
#

---------------  S U M M A R Y ------------

Command Line: --add-opens=java.base/java.util=ALL-UNNAMED --add-opens=java.base/java.lang=ALL-UNNAMED --add-opens=java.base/java.lang.invoke=ALL-UNNAMED --add-opens=java.prefs/java.util.prefs=ALL-UNNAMED --add-exports=jdk.compiler/com.sun.tools.javac.api=ALL-UNNAMED --add-exports=jdk.compiler/com.sun.tools.javac.util=ALL-UNNAMED --add-opens=java.base/java.nio.charset=ALL-UNNAMED --add-opens=java.base/java.net=ALL-UNNAMED --add-opens=java.base/java.util.concurrent.atomic=ALL-UNNAMED -Xmx2048m -Dfile.encoding=UTF-8 -Duser.country=ES -Duser.language=es -Duser.variant -javaagent:C:\Users\Nacho\.gradle\wrapper\dists\gradle-8.10.2-bin\a04bxjujx95o3nb99gddekhwo\gradle-8.10.2\lib\agents\gradle-instrumentation-agent-8.10.2.jar org.gradle.launcher.daemon.bootstrap.GradleDaemon 8.10.2

Host: Intel(R) Core(TM) i5 CPU         680  @ 3.60GHz, 4 cores, 3G,  Windows 10 , 64 bit Build 19041 (10.0.19041.5438)
Time: Fri Mar 21 12:11:28 2025 Hora estándar oeste, Sudamérica elapsed time: 13.018228 seconds (0d 0h 0m 13s)

---------------  T H R E A D  ---------------

Current thread (0x000001ec84189da0):  JavaThread "C1 CompilerThread0" daemon [_thread_in_vm, id=7320, stack(0x0000003a03f00000,0x0000003a04000000) (1024K)]


Current CompileTask:
C1:  13018 7017       3       com.google.common.util.concurrent.AbstractFuture::get (170 bytes)

Stack: [0x0000003a03f00000,0x0000003a04000000],  sp=0x0000003a03ffdfb0,  free space=1015k
Native frames: (J=compiled Java code, j=interpreted, Vv=VM code, C=native code)
V  [jvm.dll+0x7483dc]
V  [jvm.dll+0x7c62d9]
V  [jvm.dll+0x68112b]
V  [jvm.dll+0x5d7807]
V  [jvm.dll+0x5d4f1e]
V  [jvm.dll+0x5d7c6e]
V  [jvm.dll+0x5d7e52]
V  [jvm.dll+0x1e70e4]
V  [jvm.dll+0x1e6d40]
V  [jvm.dll+0x20240a]
V  [jvm.dll+0x159117]
V  [jvm.dll+0x15c001]
V  [jvm.dll+0x15a20c]
V  [jvm.dll+0x163024]
V  [jvm.dll+0x1624c6]
V  [jvm.dll+0x159a69]
V  [jvm.dll+0x15c001]
V  [jvm.dll+0x15a304]
V  [jvm.dll+0x153e10]
V  [jvm.dll+0x164216]
V  [jvm.dll+0x14f1f0]
V  [jvm.dll+0x14f573]
V  [jvm.dll+0x14f836]
V  [jvm.dll+0x14ebaf]
V  [jvm.dll+0x1509d1]
V  [jvm.dll+0x255fec]
V  [jvm.dll+0x254536]
V  [jvm.dll+0x3efab6]
V  [jvm.dll+0x804418]
V  [jvm.dll+0x6cce0d]
C  [ucrtbase.dll+0x21bb2]
C  [KERNEL32.DLL+0x17374]
C  [ntdll.dll+0x4cc91]


siginfo: EXCEPTION_ACCESS_VIOLATION (0xc0000005), reading address 0x000001edfb3d8314


Registers:
RAX=0x0000000000000000, RBX=0x0000003a03ffe000, RCX=0x0000003a03ffe000, RDX=0x000001edfb3d8310
RSP=0x0000003a03ffdfb0, RBP=0x0000003a03ffe0d0, RSI=0x000001edfb3d8310, RDI=0x0000003a03ffe0d0
R8 =0x000001ecfb3d2d01, R9 =0x000001edfb3d8310, R10=0x0000000000000001, R11=0x0000000000000000
R12=0x0000000000000000, R13=0x000001ec854cbf50, R14=0x0000000100047950, R15=0x000001ecfb54aac0
RIP=0x00007ff8360f83dc, EFLAGS=0x0000000000010202


Register to memory mapping:

RAX=0x0 is null
RBX=0x0000003a03ffe000 is pointing into the stack for thread: 0x000001ec84189da0
RCX=0x0000003a03ffe000 is pointing into the stack for thread: 0x000001ec84189da0
RDX=0x000001edfb3d8310 is an unknown value
RSP=0x0000003a03ffdfb0 is pointing into the stack for thread: 0x000001ec84189da0
RBP=0x0000003a03ffe0d0 is pointing into the stack for thread: 0x000001ec84189da0
RSI=0x000001edfb3d8310 is an unknown value
RDI=0x0000003a03ffe0d0 is pointing into the stack for thread: 0x000001ec84189da0
R8 =0x000001ecfb3d2d01 points into unknown readable memory: ff 88 c4 0b 00 63 6f
R9 =0x000001edfb3d8310 is an unknown value
R10=0x0000000000000001 is an unknown value
R11=0x0 is null
R12=0x0 is null
R13=0x000001ec854cbf50 points into unknown readable memory: 0x676f6f672e6d6f63 | 63 6f 6d 2e 67 6f 6f 67
R14=0x0000000100047950 is a pointer to class: 
java.lang.Thread {0x0000000100047958}
 - instance size:     15
 - klass size:        101
 - access:            public synchronized 
 - flags:             rewritten has_nonstatic_fields has_final_method 
 - state:             fully_initialized
 - name:              'java/lang/Thread'
 - super:             'java/lang/Object'
 - sub:               'net/rubygrapefruit/platform/internal/jni/AbstractFileEventFunctions$AbstractFileWatcher$1'   'org/gradle/launcher/daemon/server/exec/DaemonConnectionBackedEventConsumer$ForwardEvents'   'org/gradle/launcher/daemon/server/exec/LogToClient$AsynchronousLogDispatcher'   'java/util/logging/LogManager$Cleaner'   (5 more klasses...)
 - arrays:            null
 - methods:           Array<T>(0x000001ec80046b40)
 - method ordering:   Array<T>(0x000001ec80000018)
 - default_methods:   Array<T>(0x0000000000000000)
 - local interfaces:  Array<T>(0x000001ec80046868)
 - trans. interfaces: Array<T>(0x000001ec80046868)
 - constants:         constant pool [870] {0x000001ec80044ad8} for 'java/lang/Thread' cache=0x000001ec80169780
 - class loader data:  loader data: 0x000001ece47c2d90 of 'bootstrap'
 - class annotations:       Array<T>(0x0000000000000000)
 - class type annotations:  Array<T>(0x0000000000000000)
 - field annotations:       Array<T>(0x000001ec80046a60)
 - field type annotations:  Array<T>(0x0000000000000000)
 - inner classes:     Array<T>(0x000001ec8004ce78)
 - nest members:     Array<T>(0x000001ec8004cf10)
 - permitted subclasses:     Array<T>(0x000001ec80000028)
 - java mirror:       a 'java/lang/Class'{0x000000008068a8c0} = 'java/lang/Thread'
 - vtable length      35  (start addr: 0x0000000100047b30)
 - itable length      5 (start addr: 0x0000000100047c48)
 - ---- static fields (4 words):
 - private static final 'NEW_THREAD_BINDINGS' 'Ljava/lang/Object;' @112 
 - public static final 'MIN_PRIORITY' 'I' @124 
 - public static final 'NORM_PRIORITY' 'I' @128 
 - public static final 'MAX_PRIORITY' 'I' @132 
 - static final 'NO_INHERIT_THREAD_LOCALS' 'I' @136 
 - private static final 'EMPTY_STACK_TRACE' '[Ljava/lang/StackTraceElement;' @116 
 - private static volatile 'defaultUncaughtExceptionHandler' 'Ljava/lang/Thread$UncaughtExceptionHandler;' @120 
 - ---- non-static fields (26 words):
 - 'threadLocalRandomProbe' 'I' @12 
 - private volatile 'eetop' 'J' @16 
 - private final 'tid' 'J' @24 
 - 'threadLocalRandomSeed' 'J' @32 
 - injected 'jvmti_thread_state' 'J' @40 
 - 'threadLocalRandomSecondarySeed' 'I' @48 
 - injected 'jvmti_VTMS_transition_disable_count' 'I' @52 
 - injected 'jfr_epoch' 'S' @56 
 - volatile 'interrupted' 'Z' @58 
 - injected 'jvmti_is_in_VTMS_transition' 'Z' @59 
 - private volatile 'name' 'Ljava/lang/String;' @60 
 - private volatile 'contextClassLoader' 'Ljava/lang/ClassLoader;' @64 
 - private 'inheritedAccessControlContext' 'Ljava/security/AccessControlContext;' @68 
 - private final 'holder' 'Ljava/lang/Thread$FieldHolder;' @72 
 - 'threadLocals' 'Ljava/lang/ThreadLocal$ThreadLocalMap;' @76 
 - 'inheritableThreadLocals' 'Ljava/lang/ThreadLocal$ThreadLocalMap;' @80 
 - private 'scopedValueBindings' 'Ljava/lang/Object;' @84 
 - final 'interruptLock' 'Ljava/lang/Object;' @88 
 - private volatile 'parkBlocker' 'Ljava/lang/Object;' @92 
 - volatile 'nioBlocker' 'Lsun/nio/ch/Interruptible;' @96 
 - private 'cont' 'Ljdk/internal/vm/Continuation;' @100 
 - private volatile 'uncaughtExceptionHandler' 'Ljava/lang/Thread$UncaughtExceptionHandler;' @104 
 - private 'container' 'Ljdk/internal/vm/ThreadContainer;' @108 
 - private volatile 'headStackableScopes' 'Ljdk/internal/vm/StackableScope;' @112 
 - non-static oop maps: 60-112 
R15=0x000001ecfb54aac0 points into unknown readable memory: 0x0000000000000007 | 07 00 00 00 00 00 00 00

Top of Stack: (sp=0x0000003a03ffdfb0)
0x0000003a03ffdfb0:   0000001f00000000 000001ec00000004
0x0000003a03ffdfc0:   0000000000000000 00007ff835d77b22
0x0000003a03ffdfd0:   000001ecfb3d2df0 00007ff8361762d9
0x0000003a03ffdfe0:   0000001a00000074 0000000000000000
0x0000003a03ffdff0:   000001edfb3d8310 0000000000000001
0x0000003a03ffe000:   000001edfb3d8310 00007ff835d7330a
0x0000003a03ffe010:   0000000000000000 0000000000000001
0x0000003a03ffe020:   0000ad1fdee11c44 0000000000000000
0x0000003a03ffe030:   0000000100047950 00007ff83603112b
0x0000003a03ffe040:   000001edfb3d8310 0000000000000000
0x0000003a03ffe050:   0000003a03ffe420 000001ec84189da0
0x0000003a03ffe060:   0000003a03ffe420 00007ff835f87807
0x0000003a03ffe070:   0000000000000000 0000003a03ffe170
0x0000003a03ffe080:   000001ec84189da0 ffffffffffffffff
0x0000003a03ffe090:   0000000100000000 00007ff835b9b3b9
0x0000003a03ffe0a0:   0000000000000000 0000000000000000
0x0000003a03ffe0b0:   000001ec854cacd0 000001ec854d2cb8
0x0000003a03ffe0c0:   000001ec84189da0 0000000000018360
0x0000003a03ffe0d0:   00007ff83636f6e8 0000000100000000
0x0000003a03ffe0e0:   0000000000000000 0000000000000000
0x0000003a03ffe0f0:   0000000000000000 0000000000000000
0x0000003a03ffe100:   0000003a03ffe119 0000000000000001
0x0000003a03ffe110:   0000000000000030 0000003a03002700
0x0000003a03ffe120:   000001ec857185b0 00007ff835ba833d
0x0000003a03ffe130:   000001ec88d1ad98 00007ff835ba92a1
0x0000003a03ffe140:   00000001004aa568 000001ecfb578930
0x0000003a03ffe150:   000001ec0000000c 000001ec88d1ad98
0x0000003a03ffe160:   000001ec857186c0 00007ff835ba95c0
0x0000003a03ffe170:   000001ec00000074 0000000081995d20
0x0000003a03ffe180:   000001ec88d1acb0 000001ec88d1aba0
0x0000003a03ffe190:   0000003a03ffe240 00007ff835aea77f
0x0000003a03ffe1a0:   0000ad1fdee12424 0000000000000000 

Instructions: (pc=0x00007ff8360f83dc)
0x00007ff8360f82dc:   0c 89 41 08 c7 41 14 00 00 00 00 48 8b 05 aa 96
0x00007ff8360f82ec:   46 00 48 89 41 20 48 c7 41 28 00 00 00 00 e8 71
0x00007ff8360f82fc:   0c 00 00 48 89 5e 40 48 8b c6 48 8b 5c 24 30 48
0x00007ff8360f830c:   89 7e 48 48 c7 46 30 00 00 00 00 c6 46 38 01 48
0x00007ff8360f831c:   8b 74 24 38 48 83 c4 20 5f c3 cc cc cc cc cc cc
0x00007ff8360f832c:   cc cc cc cc 48 89 5c 24 08 48 89 74 24 10 57 48
0x00007ff8360f833c:   83 ec 20 48 8b 42 08 33 f6 48 8b da 48 8b f9 44
0x00007ff8360f834c:   0f b7 40 26 48 8b 40 08 4e 8b 4c c0 48 4c 89 09
0x00007ff8360f835c:   41 0f b7 41 04 89 41 10 c7 41 1c 01 00 00 00 c7
0x00007ff8360f836c:   41 0c 01 00 00 00 c7 41 08 01 00 00 00 89 71 14
0x00007ff8360f837c:   48 8b 05 15 96 46 00 48 89 41 20 48 89 71 28 e8
0x00007ff8360f838c:   e0 0b 00 00 48 89 77 40 48 89 77 48 48 8b 43 08
0x00007ff8360f839c:   48 8b 5c 24 30 48 8b 74 24 38 48 8b 48 08 48 8b
0x00007ff8360f83ac:   41 18 48 85 c0 48 89 47 30 0f 94 c0 88 47 38 48
0x00007ff8360f83bc:   8b c7 48 83 c4 20 5f c3 cc cc cc cc cc cc cc cc
0x00007ff8360f83cc:   cc cc cc cc 40 53 48 83 ec 20 48 8b d9 48 89 11
0x00007ff8360f83dc:   0f b7 42 04 89 41 10 41 0f b6 c0 89 41 1c 89 41
0x00007ff8360f83ec:   0c 89 41 08 33 c9 89 4b 14 48 8b 05 9c 95 46 00
0x00007ff8360f83fc:   48 89 4b 28 48 8b cb 48 89 43 20 e8 64 0b 00 00
0x00007ff8360f840c:   48 8b c3 48 83 c4 20 5b c3 cc cc cc cc cc cc cc
0x00007ff8360f841c:   cc cc cc cc 40 56 48 83 ec 20 48 8b f1 48 8b 49
0x00007ff8360f842c:   20 48 3b 0d 64 95 46 00 74 4f e8 f5 d4 07 00 48
0x00007ff8360f843c:   8b 46 28 48 85 c0 74 41 48 89 5c 24 30 33 db 39
0x00007ff8360f844c:   18 7e 31 48 89 7c 24 38 8b fb 66 66 0f 1f 84 00
0x00007ff8360f845c:   00 00 00 00 48 8b 48 08 48 8b 0c 39 e8 c3 d4 07
0x00007ff8360f846c:   00 48 8b 46 28 48 8d 7f 08 ff c3 3b 18 7c e5 48
0x00007ff8360f847c:   8b 7c 24 38 48 8b 5c 24 30 48 83 c4 20 5e c3 cc
0x00007ff8360f848c:   cc cc cc cc 48 89 5c 24 18 48 89 7c 24 20 41 56
0x00007ff8360f849c:   48 83 ec 30 48 8b fa 45 8b f1 48 8b d1 49 8b d8
0x00007ff8360f84ac:   8b 49 18 8d 41 f4 83 f8 01 76 15 48 8b 5c 24 50
0x00007ff8360f84bc:   48 8b 7c 24 58 48 83 c4 30 41 5e e9 94 a4 0d 00
0x00007ff8360f84cc:   48 89 6c 24 40 8d 41 f4 48 8b 6c 24 60 48 89 74 


Stack slot to memory mapping:

stack at sp + 0 slots: 0x0000001f00000000 is an unknown value
stack at sp + 1 slots: 0x000001ec00000004 is an unknown value
stack at sp + 2 slots: 0x0 is null
stack at sp + 3 slots: 0x00007ff835d77b22 jvm.dll
stack at sp + 4 slots: 0x000001ecfb3d2df0 points into unknown readable memory: 0x7563000d084bffff | ff ff 4b 08 0d 00 63 75
stack at sp + 5 slots: 0x00007ff8361762d9 jvm.dll
stack at sp + 6 slots: 0x0000001a00000074 is an unknown value
stack at sp + 7 slots: 0x0 is null


---------------  P R O C E S S  ---------------

Threads class SMR info:
_java_thread_list=0x000001ec89c68bb0, length=38, elements={
0x000001ece2512ba0, 0x000001ec8415fe10, 0x000001ec84160870, 0x000001ecfb5766a0,
0x000001ecfb5796e0, 0x000001ecfb57a140, 0x000001ecfb57aba0, 0x000001ec84168ef0,
0x000001ec84189da0, 0x000001ec8428f450, 0x000001ec8446efa0, 0x000001ec8600a050,
0x000001ec8612f1e0, 0x000001ec860b93b0, 0x000001ec86060fc0, 0x000001ec861d0980,
0x000001ec861d0ff0, 0x000001ec861591f0, 0x000001ec862fe700, 0x000001ec862fc630,
0x000001ec862fccc0, 0x000001ec862fd350, 0x000001ec862fbfa0, 0x000001ec862fd9e0,
0x000001ec862fed90, 0x000001ec862ff420, 0x000001ec88b35540, 0x000001ec88b32750,
0x000001ec88b35bd0, 0x000001ec88b36260, 0x000001ec88b33470, 0x000001ec88b34eb0,
0x000001ec88b34820, 0x000001ec88b32de0, 0x000001ec88b33b00, 0x000001ec88b34190,
0x000001ec850c06f0, 0x000001ec850c2e50
}

Java Threads: ( => current thread )
  0x000001ece2512ba0 JavaThread "main"                              [_thread_blocked, id=6296, stack(0x0000003a03000000,0x0000003a03100000) (1024K)]
  0x000001ec8415fe10 JavaThread "Reference Handler"          daemon [_thread_blocked, id=8512, stack(0x0000003a03800000,0x0000003a03900000) (1024K)]
  0x000001ec84160870 JavaThread "Finalizer"                  daemon [_thread_blocked, id=6012, stack(0x0000003a03900000,0x0000003a03a00000) (1024K)]
  0x000001ecfb5766a0 JavaThread "Signal Dispatcher"          daemon [_thread_blocked, id=6760, stack(0x0000003a03a00000,0x0000003a03b00000) (1024K)]
  0x000001ecfb5796e0 JavaThread "Attach Listener"            daemon [_thread_blocked, id=8216, stack(0x0000003a03b00000,0x0000003a03c00000) (1024K)]
  0x000001ecfb57a140 JavaThread "Service Thread"             daemon [_thread_blocked, id=8172, stack(0x0000003a03c00000,0x0000003a03d00000) (1024K)]
  0x000001ecfb57aba0 JavaThread "Monitor Deflation Thread"   daemon [_thread_blocked, id=5140, stack(0x0000003a03d00000,0x0000003a03e00000) (1024K)]
  0x000001ec84168ef0 JavaThread "C2 CompilerThread0"         daemon [_thread_in_native, id=4936, stack(0x0000003a03e00000,0x0000003a03f00000) (1024K)]
=>0x000001ec84189da0 JavaThread "C1 CompilerThread0"         daemon [_thread_in_vm, id=7320, stack(0x0000003a03f00000,0x0000003a04000000) (1024K)]
  0x000001ec8428f450 JavaThread "Common-Cleaner"             daemon [_thread_blocked, id=6536, stack(0x0000003a04000000,0x0000003a04100000) (1024K)]
  0x000001ec8446efa0 JavaThread "Notification Thread"        daemon [_thread_blocked, id=1512, stack(0x0000003a04100000,0x0000003a04200000) (1024K)]
  0x000001ec8600a050 JavaThread "Daemon health stats"               [_thread_blocked, id=8852, stack(0x0000003a04400000,0x0000003a04500000) (1024K)]
  0x000001ec8612f1e0 JavaThread "Incoming local TCP Connector on port 54695"        [_thread_in_native, id=8144, stack(0x0000003a04600000,0x0000003a04700000) (1024K)]
  0x000001ec860b93b0 JavaThread "Daemon periodic checks"            [_thread_blocked, id=9040, stack(0x0000003a04700000,0x0000003a04800000) (1024K)]
  0x000001ec86060fc0 JavaThread "Daemon"                            [_thread_blocked, id=876, stack(0x0000003a04800000,0x0000003a04900000) (1024K)]
  0x000001ec861d0980 JavaThread "Handler for socket connection from /127.0.0.1:54695 to /127.0.0.1:54696"        [_thread_in_native, id=8776, stack(0x0000003a04900000,0x0000003a04a00000) (1024K)]
  0x000001ec861d0ff0 JavaThread "Cancel handler"                    [_thread_blocked, id=4108, stack(0x0000003a04a00000,0x0000003a04b00000) (1024K)]
  0x000001ec861591f0 JavaThread "Daemon worker"                     [_thread_blocked, id=5188, stack(0x0000003a04b00000,0x0000003a04c00000) (1024K)]
  0x000001ec862fe700 JavaThread "Asynchronous log dispatcher for DefaultDaemonConnection: socket connection from /127.0.0.1:54695 to /127.0.0.1:54696"        [_thread_blocked, id=2260, stack(0x0000003a04c00000,0x0000003a04d00000) (1024K)]
  0x000001ec862fc630 JavaThread "Stdin handler"                     [_thread_blocked, id=8212, stack(0x0000003a04d00000,0x0000003a04e00000) (1024K)]
  0x000001ec862fccc0 JavaThread "Daemon client event forwarder"        [_thread_blocked, id=240, stack(0x0000003a04e00000,0x0000003a04f00000) (1024K)]
  0x000001ec862fd350 JavaThread "Cache worker for journal cache (C:\Users\Nacho\.gradle\caches\journal-1)"        [_thread_blocked, id=7776, stack(0x0000003a04f00000,0x0000003a05000000) (1024K)]
  0x000001ec862fbfa0 JavaThread "File lock request listener"        [_thread_in_native, id=4252, stack(0x0000003a05000000,0x0000003a05100000) (1024K)]
  0x000001ec862fd9e0 JavaThread "Cache worker for file hash cache (C:\Users\Nacho\.gradle\caches\8.10.2\fileHashes)"        [_thread_blocked, id=4400, stack(0x0000003a05100000,0x0000003a05200000) (1024K)]
  0x000001ec862fed90 JavaThread "Cache worker for file hash cache (D:\VisualAndroid\AppPrimosGemelos\.gradle\8.10.2\fileHashes)"        [_thread_blocked, id=5408, stack(0x0000003a05300000,0x0000003a05400000) (1024K)]
  0x000001ec862ff420 JavaThread "Cache worker for Build Output Cleanup Cache (D:\VisualAndroid\AppPrimosGemelos\.gradle\buildOutputCleanup)"        [_thread_blocked, id=6260, stack(0x0000003a05400000,0x0000003a05500000) (1024K)]
  0x000001ec88b35540 JavaThread "File watcher server"        daemon [_thread_in_native, id=8120, stack(0x0000003a05500000,0x0000003a05600000) (1024K)]
  0x000001ec88b32750 JavaThread "File watcher consumer"      daemon [_thread_blocked, id=448, stack(0x0000003a05600000,0x0000003a05700000) (1024K)]
  0x000001ec88b35bd0 JavaThread "Cache worker for checksums cache (D:\VisualAndroid\AppPrimosGemelos\.gradle\8.10.2\checksums)"        [_thread_blocked, id=232, stack(0x0000003a05700000,0x0000003a05800000) (1024K)]
  0x000001ec88b36260 JavaThread "Cache worker for file content cache (C:\Users\Nacho\.gradle\caches\8.10.2\fileContent)"        [_thread_blocked, id=3576, stack(0x0000003a05800000,0x0000003a05900000) (1024K)]
  0x000001ec88b33470 JavaThread "Cache worker for cache directory md-rule (C:\Users\Nacho\.gradle\caches\8.10.2\md-rule)"        [_thread_blocked, id=6584, stack(0x0000003a05900000,0x0000003a05a00000) (1024K)]
  0x000001ec88b34eb0 JavaThread "Cache worker for cache directory md-supplier (C:\Users\Nacho\.gradle\caches\8.10.2\md-supplier)"        [_thread_blocked, id=1680, stack(0x0000003a05a00000,0x0000003a05b00000) (1024K)]
  0x000001ec88b34820 JavaThread "Unconstrained build operations"        [_thread_blocked, id=7524, stack(0x0000003a05200000,0x0000003a05300000) (1024K)]
  0x000001ec88b32de0 JavaThread "Unconstrained build operations Thread 2"        [_thread_blocked, id=2840, stack(0x0000003a05b00000,0x0000003a05c00000) (1024K)]
  0x000001ec88b33b00 JavaThread "Unconstrained build operations Thread 3"        [_thread_blocked, id=8556, stack(0x0000003a05c00000,0x0000003a05d00000) (1024K)]
  0x000001ec88b34190 JavaThread "Unconstrained build operations Thread 4"        [_thread_in_native, id=5328, stack(0x0000003a05d00000,0x0000003a05e00000) (1024K)]
  0x000001ec850c06f0 JavaThread "Unconstrained build operations Thread 5"        [_thread_blocked, id=4768, stack(0x0000003a05e00000,0x0000003a05f00000) (1024K)]
  0x000001ec850c2e50 JavaThread "Unconstrained build operations Thread 6"        [_thread_in_native, id=5080, stack(0x0000003a05f00000,0x0000003a06000000) (1024K)]
Total: 38

Other Threads:
  0x000001ecfb4ebe00 VMThread "VM Thread"                           [id=5720, stack(0x0000003a03700000,0x0000003a03800000) (1024K)]
  0x000001ecfb4a5140 WatcherThread "VM Periodic Task Thread"        [id=4856, stack(0x0000003a03600000,0x0000003a03700000) (1024K)]
  0x000001ece4757af0 WorkerThread "GC Thread#0"                     [id=2248, stack(0x0000003a03100000,0x0000003a03200000) (1024K)]
  0x000001ec846cafd0 WorkerThread "GC Thread#1"                     [id=4904, stack(0x0000003a04200000,0x0000003a04300000) (1024K)]
  0x000001ec845c8350 WorkerThread "GC Thread#2"                     [id=7540, stack(0x0000003a04300000,0x0000003a04400000) (1024K)]
  0x000001ec84bfec00 WorkerThread "GC Thread#3"                     [id=6952, stack(0x0000003a04500000,0x0000003a04600000) (1024K)]
  0x000001ece4768b50 ConcurrentGCThread "G1 Main Marker"            [id=2908, stack(0x0000003a03200000,0x0000003a03300000) (1024K)]
  0x000001ece4769560 WorkerThread "G1 Conc#0"                       [id=3404, stack(0x0000003a03300000,0x0000003a03400000) (1024K)]
  0x000001ece47c3ac0 ConcurrentGCThread "G1 Refine#0"               [id=6864, stack(0x0000003a03400000,0x0000003a03500000) (1024K)]
  0x000001ece47c6450 ConcurrentGCThread "G1 Service"                [id=8484, stack(0x0000003a03500000,0x0000003a03600000) (1024K)]
Total: 10

Threads with active compile tasks:
C2 CompilerThread0    13093 7077       4       org.gradle.internal.snapshot.VfsRelativePath::compareToFirstSegment (203 bytes)
C1 CompilerThread0    13093 7017       3       com.google.common.util.concurrent.AbstractFuture::get (170 bytes)
Total: 2

VM state: not at safepoint (normal execution)

VM Mutex/Monitor currently owned by a thread: None

Heap address: 0x0000000080000000, size: 2048 MB, Compressed Oops mode: 32-bit

CDS archive(s) not mapped
Compressed class space mapped at: 0x0000000100000000-0x0000000140000000, reserved size: 1073741824
Narrow klass base: 0x0000000000000000, Narrow klass shift: 3, Narrow klass range: 0x140000000

GC Precious Log:
 CardTable entry size: 512
 Card Set container configuration: InlinePtr #cards 5 size 8 Array Of Cards #cards 12 size 40 Howl #buckets 4 coarsen threshold 1843 Howl Bitmap #cards 512 size 80 coarsen threshold 460 Card regions per heap region 1 cards per card region 2048
 CPUs: 4 total, 4 available
 Memory: 4087M
 Large Page Support: Disabled
 NUMA Support: Disabled
 Compressed Oops: Enabled (32-bit)
 Heap Region Size: 1M
 Heap Min Capacity: 8M
 Heap Initial Capacity: 64M
 Heap Max Capacity: 2G
 Pre-touch: Disabled
 Parallel Workers: 4
 Concurrent Workers: 1
 Concurrent Refinement Workers: 4
 Periodic GC: Disabled

Heap:
 garbage-first heap   total 78848K, used 67267K [0x0000000080000000, 0x0000000100000000)
  region size 1024K, 29 young (29696K), 4 survivors (4096K)
 Metaspace       used 65968K, committed 67648K, reserved 1114112K
  class space    used 9012K, committed 9856K, reserved 1048576K

Heap Regions: E=young(eden), S=young(survivor), O=old, HS=humongous(starts), HC=humongous(continues), CS=collection set, F=free, TAMS=top-at-mark-start, PB=parsable bottom
|   0|0x0000000080000000, 0x0000000080100000, 0x0000000080100000|100%|HS|  |TAMS 0x0000000080000000| PB 0x0000000080000000| Complete 
|   1|0x0000000080100000, 0x0000000080200000, 0x0000000080200000|100%|HC|  |TAMS 0x0000000080100000| PB 0x0000000080100000| Complete 
|   2|0x0000000080200000, 0x0000000080300000, 0x0000000080300000|100%|HC|  |TAMS 0x0000000080200000| PB 0x0000000080200000| Complete 
|   3|0x0000000080300000, 0x0000000080400000, 0x0000000080400000|100%|HC|  |TAMS 0x0000000080300000| PB 0x0000000080300000| Complete 
|   4|0x0000000080400000, 0x0000000080500000, 0x0000000080500000|100%| O|  |TAMS 0x0000000080400000| PB 0x0000000080400000| Untracked 
|   5|0x0000000080500000, 0x0000000080600000, 0x0000000080600000|100%| O|  |TAMS 0x0000000080500000| PB 0x0000000080500000| Untracked 
|   6|0x0000000080600000, 0x0000000080700000, 0x0000000080700000|100%| O|  |TAMS 0x0000000080600000| PB 0x0000000080600000| Untracked 
|   7|0x0000000080700000, 0x0000000080800000, 0x0000000080800000|100%| O|  |TAMS 0x0000000080700000| PB 0x0000000080700000| Untracked 
|   8|0x0000000080800000, 0x0000000080900000, 0x0000000080900000|100%| O|  |TAMS 0x0000000080800000| PB 0x0000000080800000| Untracked 
|   9|0x0000000080900000, 0x0000000080a00000, 0x0000000080a00000|100%| O|  |TAMS 0x0000000080900000| PB 0x0000000080900000| Untracked 
|  10|0x0000000080a00000, 0x0000000080b00000, 0x0000000080b00000|100%| O|  |TAMS 0x0000000080a00000| PB 0x0000000080a00000| Untracked 
|  11|0x0000000080b00000, 0x0000000080c00000, 0x0000000080c00000|100%|HS|  |TAMS 0x0000000080b00000| PB 0x0000000080b00000| Complete 
|  12|0x0000000080c00000, 0x0000000080d00000, 0x0000000080d00000|100%| O|  |TAMS 0x0000000080c00000| PB 0x0000000080c00000| Untracked 
|  13|0x0000000080d00000, 0x0000000080e00000, 0x0000000080e00000|100%| O|  |TAMS 0x0000000080d00000| PB 0x0000000080d00000| Untracked 
|  14|0x0000000080e00000, 0x0000000080f00000, 0x0000000080f00000|100%| O|  |TAMS 0x0000000080e00000| PB 0x0000000080e00000| Untracked 
|  15|0x0000000080f00000, 0x0000000081000000, 0x0000000081000000|100%| O|  |TAMS 0x0000000080f00000| PB 0x0000000080f00000| Untracked 
|  16|0x0000000081000000, 0x0000000081100000, 0x0000000081100000|100%| O|  |TAMS 0x0000000081000000| PB 0x0000000081000000| Untracked 
|  17|0x0000000081100000, 0x0000000081200000, 0x0000000081200000|100%| O|  |TAMS 0x0000000081100000| PB 0x0000000081100000| Untracked 
|  18|0x0000000081200000, 0x0000000081300000, 0x0000000081300000|100%| O|  |TAMS 0x0000000081200000| PB 0x0000000081200000| Untracked 
|  19|0x0000000081300000, 0x0000000081400000, 0x0000000081400000|100%| O|  |TAMS 0x0000000081300000| PB 0x0000000081300000| Untracked 
|  20|0x0000000081400000, 0x0000000081500000, 0x0000000081500000|100%| O|  |TAMS 0x0000000081400000| PB 0x0000000081400000| Untracked 
|  21|0x0000000081500000, 0x0000000081600000, 0x0000000081600000|100%| O|  |TAMS 0x0000000081500000| PB 0x0000000081500000| Untracked 
|  22|0x0000000081600000, 0x0000000081700000, 0x0000000081700000|100%| O|  |TAMS 0x0000000081600000| PB 0x0000000081600000| Untracked 
|  23|0x0000000081700000, 0x0000000081800000, 0x0000000081800000|100%| O|  |TAMS 0x0000000081700000| PB 0x0000000081700000| Untracked 
|  24|0x0000000081800000, 0x0000000081900000, 0x0000000081900000|100%| O|  |TAMS 0x0000000081800000| PB 0x0000000081800000| Untracked 
|  25|0x0000000081900000, 0x0000000081a00000, 0x0000000081a00000|100%| O|  |TAMS 0x0000000081900000| PB 0x0000000081900000| Untracked 
|  26|0x0000000081a00000, 0x0000000081b00000, 0x0000000081b00000|100%| O|  |TAMS 0x0000000081a00000| PB 0x0000000081a00000| Untracked 
|  27|0x0000000081b00000, 0x0000000081c00000, 0x0000000081c00000|100%| O|  |TAMS 0x0000000081b00000| PB 0x0000000081b00000| Untracked 
|  28|0x0000000081c00000, 0x0000000081d00000, 0x0000000081d00000|100%| O|  |TAMS 0x0000000081c00000| PB 0x0000000081c00000| Untracked 
|  29|0x0000000081d00000, 0x0000000081e00000, 0x0000000081e00000|100%| O|  |TAMS 0x0000000081d00000| PB 0x0000000081d00000| Untracked 
|  30|0x0000000081e00000, 0x0000000081f00000, 0x0000000081f00000|100%| O|  |TAMS 0x0000000081e00000| PB 0x0000000081e00000| Untracked 
|  31|0x0000000081f00000, 0x0000000082000000, 0x0000000082000000|100%| O|  |TAMS 0x0000000081f00000| PB 0x0000000081f00000| Untracked 
|  32|0x0000000082000000, 0x0000000082100000, 0x0000000082100000|100%| O|  |TAMS 0x0000000082000000| PB 0x0000000082000000| Untracked 
|  33|0x0000000082100000, 0x0000000082200000, 0x0000000082200000|100%| O|  |TAMS 0x0000000082100000| PB 0x0000000082100000| Untracked 
|  34|0x0000000082200000, 0x0000000082200000, 0x0000000082300000|  0%| F|  |TAMS 0x0000000082200000| PB 0x0000000082200000| Untracked 
|  35|0x0000000082300000, 0x0000000082400000, 0x0000000082400000|100%| O|  |TAMS 0x0000000082300000| PB 0x0000000082300000| Untracked 
|  36|0x0000000082400000, 0x0000000082500000, 0x0000000082500000|100%| O|  |TAMS 0x0000000082400000| PB 0x0000000082400000| Untracked 
|  37|0x0000000082500000, 0x0000000082600000, 0x0000000082600000|100%| O|  |TAMS 0x0000000082500000| PB 0x0000000082500000| Untracked 
|  38|0x0000000082600000, 0x0000000082700000, 0x0000000082700000|100%| O|  |TAMS 0x0000000082600000| PB 0x0000000082600000| Untracked 
|  39|0x0000000082700000, 0x00000000827b0f10, 0x0000000082800000| 69%| O|  |TAMS 0x0000000082700000| PB 0x0000000082700000| Untracked 
|  40|0x0000000082800000, 0x0000000082800000, 0x0000000082900000|  0%| F|  |TAMS 0x0000000082800000| PB 0x0000000082800000| Untracked 
|  41|0x0000000082900000, 0x0000000082900000, 0x0000000082a00000|  0%| F|  |TAMS 0x0000000082900000| PB 0x0000000082900000| Untracked 
|  42|0x0000000082a00000, 0x0000000082a00000, 0x0000000082b00000|  0%| F|  |TAMS 0x0000000082a00000| PB 0x0000000082a00000| Untracked 
|  43|0x0000000082b00000, 0x0000000082b00000, 0x0000000082c00000|  0%| F|  |TAMS 0x0000000082b00000| PB 0x0000000082b00000| Untracked 
|  44|0x0000000082c00000, 0x0000000082c00000, 0x0000000082d00000|  0%| F|  |TAMS 0x0000000082c00000| PB 0x0000000082c00000| Untracked 
|  45|0x0000000082d00000, 0x0000000082d00000, 0x0000000082e00000|  0%| F|  |TAMS 0x0000000082d00000| PB 0x0000000082d00000| Untracked 
|  46|0x0000000082e00000, 0x0000000082f00000, 0x0000000082f00000|100%| S|CS|TAMS 0x0000000082e00000| PB 0x0000000082e00000| Complete 
|  47|0x0000000082f00000, 0x0000000083000000, 0x0000000083000000|100%| S|CS|TAMS 0x0000000082f00000| PB 0x0000000082f00000| Complete 
|  48|0x0000000083000000, 0x0000000083100000, 0x0000000083100000|100%| S|CS|TAMS 0x0000000083000000| PB 0x0000000083000000| Complete 
|  49|0x0000000083100000, 0x0000000083200000, 0x0000000083200000|100%| S|CS|TAMS 0x0000000083100000| PB 0x0000000083100000| Complete 
|  50|0x0000000083200000, 0x0000000083200000, 0x0000000083300000|  0%| F|  |TAMS 0x0000000083200000| PB 0x0000000083200000| Untracked 
|  51|0x0000000083300000, 0x0000000083300000, 0x0000000083400000|  0%| F|  |TAMS 0x0000000083300000| PB 0x0000000083300000| Untracked 
|  52|0x0000000083400000, 0x00000000834d2058, 0x0000000083500000| 82%| E|  |TAMS 0x0000000083400000| PB 0x0000000083400000| Complete 
|  53|0x0000000083500000, 0x0000000083600000, 0x0000000083600000|100%| E|CS|TAMS 0x0000000083500000| PB 0x0000000083500000| Complete 
|  54|0x0000000083600000, 0x0000000083700000, 0x0000000083700000|100%| E|CS|TAMS 0x0000000083600000| PB 0x0000000083600000| Complete 
|  55|0x0000000083700000, 0x0000000083800000, 0x0000000083800000|100%| E|CS|TAMS 0x0000000083700000| PB 0x0000000083700000| Complete 
|  56|0x0000000083800000, 0x0000000083900000, 0x0000000083900000|100%| E|CS|TAMS 0x0000000083800000| PB 0x0000000083800000| Complete 
|  57|0x0000000083900000, 0x0000000083a00000, 0x0000000083a00000|100%| E|CS|TAMS 0x0000000083900000| PB 0x0000000083900000| Complete 
|  58|0x0000000083a00000, 0x0000000083b00000, 0x0000000083b00000|100%| E|CS|TAMS 0x0000000083a00000| PB 0x0000000083a00000| Complete 
|  59|0x0000000083b00000, 0x0000000083c00000, 0x0000000083c00000|100%| E|CS|TAMS 0x0000000083b00000| PB 0x0000000083b00000| Complete 
|  60|0x0000000083c00000, 0x0000000083d00000, 0x0000000083d00000|100%| E|CS|TAMS 0x0000000083c00000| PB 0x0000000083c00000| Complete 
|  61|0x0000000083d00000, 0x0000000083e00000, 0x0000000083e00000|100%| E|CS|TAMS 0x0000000083d00000| PB 0x0000000083d00000| Complete 
|  62|0x0000000083e00000, 0x0000000083f00000, 0x0000000083f00000|100%| E|CS|TAMS 0x0000000083e00000| PB 0x0000000083e00000| Complete 
|  63|0x0000000083f00000, 0x0000000084000000, 0x0000000084000000|100%| E|CS|TAMS 0x0000000083f00000| PB 0x0000000083f00000| Complete 
|  64|0x0000000084000000, 0x0000000084100000, 0x0000000084100000|100%| E|CS|TAMS 0x0000000084000000| PB 0x0000000084000000| Complete 
|  65|0x0000000084100000, 0x0000000084200000, 0x0000000084200000|100%| E|CS|TAMS 0x0000000084100000| PB 0x0000000084100000| Complete 
|  66|0x0000000084200000, 0x0000000084300000, 0x0000000084300000|100%| E|  |TAMS 0x0000000084200000| PB 0x0000000084200000| Complete 
|  67|0x0000000084300000, 0x0000000084400000, 0x0000000084400000|100%| E|CS|TAMS 0x0000000084300000| PB 0x0000000084300000| Complete 
|  68|0x0000000084400000, 0x0000000084500000, 0x0000000084500000|100%| E|CS|TAMS 0x0000000084400000| PB 0x0000000084400000| Complete 
|  69|0x0000000084500000, 0x0000000084600000, 0x0000000084600000|100%| E|CS|TAMS 0x0000000084500000| PB 0x0000000084500000| Complete 
|  70|0x0000000084600000, 0x0000000084700000, 0x0000000084700000|100%| E|CS|TAMS 0x0000000084600000| PB 0x0000000084600000| Complete 
|  71|0x0000000084700000, 0x0000000084800000, 0x0000000084800000|100%| E|CS|TAMS 0x0000000084700000| PB 0x0000000084700000| Complete 
|  72|0x0000000084800000, 0x0000000084900000, 0x0000000084900000|100%| E|CS|TAMS 0x0000000084800000| PB 0x0000000084800000| Complete 
|  73|0x0000000084900000, 0x0000000084a00000, 0x0000000084a00000|100%| E|CS|TAMS 0x0000000084900000| PB 0x0000000084900000| Complete 
|  74|0x0000000084a00000, 0x0000000084b00000, 0x0000000084b00000|100%| E|CS|TAMS 0x0000000084a00000| PB 0x0000000084a00000| Complete 
|  75|0x0000000084b00000, 0x0000000084c00000, 0x0000000084c00000|100%| E|CS|TAMS 0x0000000084b00000| PB 0x0000000084b00000| Complete 
|  76|0x0000000084c00000, 0x0000000084d00000, 0x0000000084d00000|100%| E|CS|TAMS 0x0000000084c00000| PB 0x0000000084c00000| Complete 

Card table byte_map: [0x000001ecf6c50000,0x000001ecf7050000] _byte_map_base: 0x000001ecf6850000

Marking Bits: (CMBitMap*) 0x000001ece4758100
 Bits: [0x000001ecf7050000, 0x000001ecf9050000)

Polling page: 0x000001ece2650000

Metaspace:

Usage:
  Non-class:     55.62 MB used.
      Class:      8.80 MB used.
       Both:     64.42 MB used.

Virtual space:
  Non-class space:       64.00 MB reserved,      56.44 MB ( 88%) committed,  1 nodes.
      Class space:        1.00 GB reserved,       9.62 MB ( <1%) committed,  1 nodes.
             Both:        1.06 GB reserved,      66.06 MB (  6%) committed. 

Chunk freelists:
   Non-Class:  7.22 MB
       Class:  6.22 MB
        Both:  13.44 MB

MaxMetaspaceSize: unlimited
CompressedClassSpaceSize: 1.00 GB
Initial GC threshold: 21.00 MB
Current GC threshold: 99.31 MB
CDS: off
 - commit_granule_bytes: 65536.
 - commit_granule_words: 8192.
 - virtual_space_node_default_size: 8388608.
 - enlarge_chunks_in_place: 1.
 - use_allocation_guard: 0.


Internal statistics:

num_allocs_failed_limit: 9.
num_arena_births: 3074.
num_arena_deaths: 0.
num_vsnodes_births: 2.
num_vsnodes_deaths: 0.
num_space_committed: 1057.
num_space_uncommitted: 0.
num_chunks_returned_to_freelist: 9.
num_chunks_taken_from_freelist: 5729.
num_chunk_merges: 9.
num_chunk_splits: 3716.
num_chunks_enlarged: 2303.
num_inconsistent_stats: 0.

CodeHeap 'non-profiled nmethods': size=120000Kb used=3715Kb max_used=3715Kb free=116284Kb
 bounds [0x000001ecef320000, 0x000001ecef6d0000, 0x000001ecf6850000]
CodeHeap 'profiled nmethods': size=120000Kb used=11693Kb max_used=11693Kb free=108306Kb
 bounds [0x000001ece7850000, 0x000001ece83c0000, 0x000001eceed80000]
CodeHeap 'non-nmethods': size=5760Kb used=1979Kb max_used=2023Kb free=3780Kb
 bounds [0x000001eceed80000, 0x000001eceeff0000, 0x000001ecef320000]
 total_blobs=7210 nmethods=6457 adapters=657
 compilation: enabled
              stopped_count=0, restarted_count=0
 full_count=0

Compilation events (20 events):
Event: 12.955 Thread 0x000001ec84189da0 nmethod 7008 0x000001ece83b4e10 code [0x000001ece83b4fc0, 0x000001ece83b5108]
Event: 12.955 Thread 0x000001ec84189da0 7009       3       java.lang.String::decodeASCII (46 bytes)
Event: 12.955 Thread 0x000001ec84189da0 nmethod 7009 0x000001ece83b5210 code [0x000001ece83b53e0, 0x000001ece83b5698]
Event: 12.955 Thread 0x000001ec84189da0 7007       3       com.google.common.collect.Ordering::natural (4 bytes)
Event: 12.955 Thread 0x000001ec84189da0 nmethod 7007 0x000001ece83b5810 code [0x000001ece83b59a0, 0x000001ece83b5a98]
Event: 12.955 Thread 0x000001ec84189da0 7010       1       org.gradle.internal.execution.steps.BuildOperationStep$1::description (5 bytes)
Event: 12.956 Thread 0x000001ec84189da0 nmethod 7010 0x000001ecef6ba190 code [0x000001ecef6ba320, 0x000001ecef6ba3e8]
Event: 12.956 Thread 0x000001ec84189da0 7006       3       java.util.stream.ForEachOps$ForEachOp::getOpFlags (15 bytes)
Event: 12.956 Thread 0x000001ec84189da0 nmethod 7006 0x000001ece83b5b10 code [0x000001ece83b5ca0, 0x000001ece83b5e28]
Event: 12.956 Thread 0x000001ec84189da0 7011       1       java.nio.HeapByteBuffer::isReadOnly (2 bytes)
Event: 12.956 Thread 0x000001ec84189da0 nmethod 7011 0x000001ecef6ba490 code [0x000001ecef6ba620, 0x000001ecef6ba6e8]
Event: 12.956 Thread 0x000001ec84189da0 7012       3       org.gradle.api.internal.provider.AbstractMinimalProvider::<init> (5 bytes)
Event: 12.957 Thread 0x000001ec84189da0 nmethod 7012 0x000001ece83b5e90 code [0x000001ece83b6020, 0x000001ece83b6188]
Event: 12.957 Thread 0x000001ec84189da0 7013       1       org.gradle.internal.snapshot.AbstractFileSystemLocationSnapshot::hasDescendants (2 bytes)
Event: 12.957 Thread 0x000001ec84189da0 nmethod 7013 0x000001ecef6ba790 code [0x000001ecef6ba920, 0x000001ecef6ba9e8]
Event: 12.957 Thread 0x000001ec84189da0 7014       3       org.gradle.internal.file.impl.DefaultFileMetadata::<init> (27 bytes)
Event: 12.958 Thread 0x000001ec84189da0 nmethod 7014 0x000001ece83b6290 code [0x000001ece83b6440, 0x000001ece83b6668]
Event: 12.958 Thread 0x000001ec84189da0 7015       3       org.gradle.internal.snapshot.impl.AbstractValueProcessor::processValue (402 bytes)
Event: 12.960 Thread 0x000001ec84189da0 nmethod 7015 0x000001ece83b6710 code [0x000001ece83b6d80, 0x000001ece83bacf0]
Event: 12.960 Thread 0x000001ec84189da0 7017       3       com.google.common.util.concurrent.AbstractFuture::get (170 bytes)

GC Heap History (20 events):
Event: 6.425 GC heap before
{Heap before GC invocations=9 (full 0):
 garbage-first heap   total 65536K, used 29261K [0x0000000080000000, 0x0000000100000000)
  region size 1024K, 8 young (8192K), 4 survivors (4096K)
 Metaspace       used 35354K, committed 36160K, reserved 1114112K
  class space    used 4735K, committed 5120K, reserved 1048576K
}
Event: 6.431 GC heap after
{Heap after GC invocations=10 (full 0):
 garbage-first heap   total 65536K, used 26486K [0x0000000080000000, 0x0000000100000000)
  region size 1024K, 2 young (2048K), 2 survivors (2048K)
 Metaspace       used 35354K, committed 36160K, reserved 1114112K
  class space    used 4735K, committed 5120K, reserved 1048576K
}
Event: 7.035 GC heap before
{Heap before GC invocations=11 (full 0):
 garbage-first heap   total 65536K, used 56182K [0x0000000080000000, 0x0000000100000000)
  region size 1024K, 32 young (32768K), 2 survivors (2048K)
 Metaspace       used 39237K, committed 40384K, reserved 1114112K
  class space    used 5377K, committed 5952K, reserved 1048576K
}
Event: 7.041 GC heap after
{Heap after GC invocations=12 (full 0):
 garbage-first heap   total 65536K, used 27901K [0x0000000080000000, 0x0000000100000000)
  region size 1024K, 4 young (4096K), 4 survivors (4096K)
 Metaspace       used 39237K, committed 40384K, reserved 1114112K
  class space    used 5377K, committed 5952K, reserved 1048576K
}
Event: 7.708 GC heap before
{Heap before GC invocations=12 (full 0):
 garbage-first heap   total 65536K, used 55549K [0x0000000080000000, 0x0000000100000000)
  region size 1024K, 32 young (32768K), 4 survivors (4096K)
 Metaspace       used 45476K, committed 46592K, reserved 1114112K
  class space    used 6036K, committed 6592K, reserved 1048576K
}
Event: 7.720 GC heap after
{Heap after GC invocations=13 (full 0):
 garbage-first heap   total 65536K, used 31192K [0x0000000080000000, 0x0000000100000000)
  region size 1024K, 4 young (4096K), 4 survivors (4096K)
 Metaspace       used 45476K, committed 46592K, reserved 1114112K
  class space    used 6036K, committed 6592K, reserved 1048576K
}
Event: 8.027 GC heap before
{Heap before GC invocations=13 (full 0):
 garbage-first heap   total 65536K, used 56792K [0x0000000080000000, 0x0000000100000000)
  region size 1024K, 29 young (29696K), 4 survivors (4096K)
 Metaspace       used 46549K, committed 47744K, reserved 1114112K
  class space    used 6211K, committed 6784K, reserved 1048576K
}
Event: 8.036 GC heap after
{Heap after GC invocations=14 (full 0):
 garbage-first heap   total 78848K, used 34044K [0x0000000080000000, 0x0000000100000000)
  region size 1024K, 3 young (3072K), 3 survivors (3072K)
 Metaspace       used 46549K, committed 47744K, reserved 1114112K
  class space    used 6211K, committed 6784K, reserved 1048576K
}
Event: 8.695 GC heap before
{Heap before GC invocations=14 (full 0):
 garbage-first heap   total 78848K, used 68860K [0x0000000080000000, 0x0000000100000000)
  region size 1024K, 37 young (37888K), 3 survivors (3072K)
 Metaspace       used 48714K, committed 50112K, reserved 1114112K
  class space    used 6569K, committed 7296K, reserved 1048576K
}
Event: 8.704 GC heap after
{Heap after GC invocations=15 (full 0):
 garbage-first heap   total 78848K, used 36240K [0x0000000080000000, 0x0000000100000000)
  region size 1024K, 5 young (5120K), 5 survivors (5120K)
 Metaspace       used 48714K, committed 50112K, reserved 1114112K
  class space    used 6569K, committed 7296K, reserved 1048576K
}
Event: 9.492 GC heap before
{Heap before GC invocations=15 (full 0):
 garbage-first heap   total 78848K, used 69008K [0x0000000080000000, 0x0000000100000000)
  region size 1024K, 36 young (36864K), 5 survivors (5120K)
 Metaspace       used 53526K, committed 54976K, reserved 1114112K
  class space    used 7195K, committed 7936K, reserved 1048576K
}
Event: 9.501 GC heap after
{Heap after GC invocations=16 (full 0):
 garbage-first heap   total 78848K, used 37598K [0x0000000080000000, 0x0000000100000000)
  region size 1024K, 4 young (4096K), 4 survivors (4096K)
 Metaspace       used 53526K, committed 54976K, reserved 1114112K
  class space    used 7195K, committed 7936K, reserved 1048576K
}
Event: 10.186 GC heap before
{Heap before GC invocations=16 (full 0):
 garbage-first heap   total 78848K, used 68318K [0x0000000080000000, 0x0000000100000000)
  region size 1024K, 34 young (34816K), 4 survivors (4096K)
 Metaspace       used 57676K, committed 59200K, reserved 1114112K
  class space    used 7772K, committed 8512K, reserved 1048576K
}
Event: 10.192 GC heap after
{Heap after GC invocations=17 (full 0):
 garbage-first heap   total 78848K, used 38809K [0x0000000080000000, 0x0000000100000000)
  region size 1024K, 3 young (3072K), 3 survivors (3072K)
 Metaspace       used 57676K, committed 59200K, reserved 1114112K
  class space    used 7772K, committed 8512K, reserved 1048576K
}
Event: 10.409 GC heap before
{Heap before GC invocations=17 (full 0):
 garbage-first heap   total 78848K, used 47001K [0x0000000080000000, 0x0000000100000000)
  region size 1024K, 12 young (12288K), 3 survivors (3072K)
 Metaspace       used 59223K, committed 60736K, reserved 1114112K
  class space    used 8011K, committed 8768K, reserved 1048576K
}
Event: 10.414 GC heap after
{Heap after GC invocations=18 (full 0):
 garbage-first heap   total 78848K, used 39188K [0x0000000080000000, 0x0000000100000000)
  region size 1024K, 3 young (3072K), 3 survivors (3072K)
 Metaspace       used 59223K, committed 60736K, reserved 1114112K
  class space    used 8011K, committed 8768K, reserved 1048576K
}
Event: 11.496 GC heap before
{Heap before GC invocations=19 (full 0):
 garbage-first heap   total 78848K, used 69908K [0x0000000080000000, 0x0000000100000000)
  region size 1024K, 33 young (33792K), 3 survivors (3072K)
 Metaspace       used 63063K, committed 64704K, reserved 1114112K
  class space    used 8639K, committed 9408K, reserved 1048576K
}
Event: 11.504 GC heap after
{Heap after GC invocations=20 (full 0):
 garbage-first heap   total 78848K, used 41136K [0x0000000080000000, 0x0000000100000000)
  region size 1024K, 4 young (4096K), 4 survivors (4096K)
 Metaspace       used 63063K, committed 64704K, reserved 1114112K
  class space    used 8639K, committed 9408K, reserved 1048576K
}
Event: 12.611 GC heap before
{Heap before GC invocations=20 (full 0):
 garbage-first heap   total 78848K, used 68784K [0x0000000080000000, 0x0000000100000000)
  region size 1024K, 31 young (31744K), 4 survivors (4096K)
 Metaspace       used 65324K, committed 66944K, reserved 1114112K
  class space    used 8926K, committed 9728K, reserved 1048576K
}
Event: 12.622 GC heap after
{Heap after GC invocations=21 (full 0):
 garbage-first heap   total 78848K, used 43715K [0x0000000080000000, 0x0000000100000000)
  region size 1024K, 4 young (4096K), 4 survivors (4096K)
 Metaspace       used 65324K, committed 66944K, reserved 1114112K
  class space    used 8926K, committed 9728K, reserved 1048576K
}

Dll operation events (3 events):
Event: 0.034 Loaded shared library C:\Program Files\Android\Android Studio\jbr\bin\java.dll
Event: 0.051 Loaded shared library C:\Program Files\Android\Android Studio\jbr\bin\zip.dll
Event: 0.955 Loaded shared library C:\Program Files\Android\Android Studio\jbr\bin\verify.dll

Deoptimization events (20 events):
Event: 12.688 Thread 0x000001ec861591f0 Uncommon trap: trap_request=0xffffffc6 fr.pc=0x000001ecef4ef940 relative=0x0000000000000260
Event: 12.688 Thread 0x000001ec861591f0 Uncommon trap: reason=bimorphic_or_optimized_type_check action=maybe_recompile pc=0x000001ecef4ef940 method=java.util.Spliterators$IteratorSpliterator.tryAdvance(Ljava/util/function/Consumer;)Z @ 50 c2
Event: 12.688 Thread 0x000001ec861591f0 DEOPT PACKING pc=0x000001ecef4ef940 sp=0x0000003a04bf82b0
Event: 12.688 Thread 0x000001ec861591f0 DEOPT UNPACKING pc=0x000001eceedd469c sp=0x0000003a04bf8250 mode 2
Event: 12.688 Thread 0x000001ec861591f0 Uncommon trap: trap_request=0xffffffc6 fr.pc=0x000001ecef4ef940 relative=0x0000000000000260
Event: 12.688 Thread 0x000001ec861591f0 Uncommon trap: reason=bimorphic_or_optimized_type_check action=maybe_recompile pc=0x000001ecef4ef940 method=java.util.Spliterators$IteratorSpliterator.tryAdvance(Ljava/util/function/Consumer;)Z @ 50 c2
Event: 12.688 Thread 0x000001ec861591f0 DEOPT PACKING pc=0x000001ecef4ef940 sp=0x0000003a04bf82b0
Event: 12.688 Thread 0x000001ec861591f0 DEOPT UNPACKING pc=0x000001eceedd469c sp=0x0000003a04bf8250 mode 2
Event: 12.767 Thread 0x000001ec861591f0 Uncommon trap: trap_request=0xffffff45 fr.pc=0x000001ecef5b4b08 relative=0x0000000000000228
Event: 12.767 Thread 0x000001ec861591f0 Uncommon trap: reason=unstable_if action=reinterpret pc=0x000001ecef5b4b08 method=org.gradle.internal.snapshot.PathUtil.equalChars(CCLorg/gradle/internal/snapshot/CaseSensitivity;)Z @ 11 c2
Event: 12.767 Thread 0x000001ec861591f0 DEOPT PACKING pc=0x000001ecef5b4b08 sp=0x0000003a04bf3e10
Event: 12.767 Thread 0x000001ec861591f0 DEOPT UNPACKING pc=0x000001eceedd469c sp=0x0000003a04bf3db0 mode 2
Event: 12.793 Thread 0x000001ec88b34190 Uncommon trap: trap_request=0xffffff54 fr.pc=0x000001ecef639050 relative=0x0000000000000610
Event: 12.793 Thread 0x000001ec88b34190 Uncommon trap: reason=speculate_null_assert action=make_not_entrant pc=0x000001ecef639050 method=jdk.internal.util.ReferencedKeyMap.internKey(Ljdk/internal/util/ReferencedKeyMap;Ljava/lang/Object;)Ljava/lang/Object; @ 28 c2
Event: 12.793 Thread 0x000001ec88b34190 DEOPT PACKING pc=0x000001ecef639050 sp=0x0000003a05dfd370
Event: 12.793 Thread 0x000001ec88b34190 DEOPT UNPACKING pc=0x000001eceedd469c sp=0x0000003a05dfd348 mode 2
Event: 12.905 Thread 0x000001ec861591f0 Uncommon trap: trap_request=0xffffff45 fr.pc=0x000001ecef45b538 relative=0x0000000000000278
Event: 12.905 Thread 0x000001ec861591f0 Uncommon trap: reason=unstable_if action=reinterpret pc=0x000001ecef45b538 method=java.util.concurrent.ConcurrentHashMap.get(Ljava/lang/Object;)Ljava/lang/Object; @ 86 c2
Event: 12.905 Thread 0x000001ec861591f0 DEOPT PACKING pc=0x000001ecef45b538 sp=0x0000003a04bf59f0
Event: 12.905 Thread 0x000001ec861591f0 DEOPT UNPACKING pc=0x000001eceedd469c sp=0x0000003a04bf5968 mode 2

Classes loaded (20 events):
Event: 11.736 Loading class java/io/ObjectInputFilter$Config$BuiltinFilterFactory
Event: 11.736 Loading class java/io/ObjectInputFilter$Config$BuiltinFilterFactory done
Event: 11.736 Loading class jdk/internal/access/JavaObjectInputFilterAccess
Event: 11.736 Loading class jdk/internal/access/JavaObjectInputFilterAccess done
Event: 11.736 Loading class java/lang/System$Logger$Level
Event: 11.736 Loading class java/lang/System$Logger$Level done
Event: 11.737 Loading class jdk/internal/event/DeserializationEvent
Event: 11.738 Loading class jdk/internal/event/DeserializationEvent done
Event: 11.739 Loading class java/io/ObjectInputStream$FieldValues
Event: 11.739 Loading class java/io/ObjectInputStream$GetField
Event: 11.739 Loading class java/io/ObjectInputStream$GetField done
Event: 11.739 Loading class java/io/ObjectInputStream$FieldValues done
Event: 11.746 Loading class sun/reflect/ReflectionFactory
Event: 11.746 Loading class sun/reflect/ReflectionFactory done
Event: 11.746 Loading class sun/reflect/ReflectionFactory$1
Event: 11.746 Loading class sun/reflect/ReflectionFactory$1 done
Event: 12.393 Loading class java/util/Collections$ReverseComparator
Event: 12.394 Loading class java/util/Collections$ReverseComparator done
Event: 12.394 Loading class java/util/Collections$ReverseComparator2
Event: 12.394 Loading class java/util/Collections$ReverseComparator2 done

Classes unloaded (0 events):
No events

Classes redefined (0 events):
No events

Internal exceptions (20 events):
Event: 11.147 Thread 0x000001ec861591f0 Exception <a 'java/lang/NoSuchMethodError'{0x000000008353f1e8}: 'long java.lang.invoke.DirectMethodHandle$Holder.invokeStatic(java.lang.Object, long)'> (0x000000008353f1e8) 
thrown [s\src\hotspot\share\interpreter\linkResolver.cpp, line 784]
Event: 11.196 Thread 0x000001ec861591f0 Implicit null exception at 0x000001ecef5b9ccd to 0x000001ecef5ba024
Event: 11.245 Thread 0x000001ec861591f0 Exception <a 'java/lang/NoSuchMethodError'{0x00000000833f9298}: 'java.lang.Object java.lang.invoke.DirectMethodHandle$Holder.invokeInterface(java.lang.Object, java.lang.Object, int)'> (0x00000000833f9298) 
thrown [s\src\hotspot\share\interpreter\linkResolver.cpp, line 784]
Event: 11.383 Thread 0x000001ec861591f0 Exception <a 'java/lang/NoSuchMethodError'{0x0000000082e52128}: 'java.lang.Object java.lang.invoke.DirectMethodHandle$Holder.invokeVirtual(java.lang.Object, java.lang.Object, java.lang.Object, java.lang.Object, java.lang.Object, java.lang.Object, java.lang.Object, java.lang.Object, java.lang.Object, java.lang.Object, java.lang.Object, java.lang.Object, java.lang.Object, java.lang.Object, java.lang.Object, java.lang.Object, java.lang.Object)'> (0x0000000082e52128) 
thrown [s\src\hotspot\share\interpreter\li
Event: 11.384 Thread 0x000001ec861591f0 Exception <a 'java/lang/NoSuchMethodError'{0x0000000082e57fe8}: 'java.lang.Object java.lang.invoke.DirectMethodHandle$Holder.invokeSpecial(java.lang.Object, java.lang.Object, java.lang.Object, java.lang.Object, java.lang.Object, java.lang.Object, java.lang.Object, java.lang.Object, java.lang.Object, java.lang.Object, java.lang.Object, java.lang.Object, java.lang.Object, java.lang.Object, java.lang.Object, java.lang.Object, java.lang.Object, java.lang.Object)'> (0x0000000082e57fe8) 
thrown [s\src\hotspot\sh
Event: 11.384 Thread 0x000001ec861591f0 Exception <a 'java/lang/NoSuchMethodError'{0x0000000082e5d540}: 'java.lang.Object java.lang.invoke.DelegatingMethodHandle$Holder.reinvoke_L(java.lang.Object, java.lang.Object, java.lang.Object, java.lang.Object, java.lang.Object, java.lang.Object, java.lang.Object, java.lang.Object, java.lang.Object, java.lang.Object, java.lang.Object, java.lang.Object, java.lang.Object, java.lang.Object, java.lang.Object, java.lang.Object, java.lang.Object)'> (0x0000000082e5d540) 
thrown [s\src\hotspot\share\interpreter\l
Event: 11.407 Thread 0x000001ec861591f0 Exception <a 'java/lang/NoSuchMethodError'{0x0000000082d139b8}: 'void java.lang.invoke.DirectMethodHandle$Holder.invokeStatic(java.lang.Object, java.lang.Object, java.lang.Object, java.lang.Object, java.lang.Object, java.lang.Object)'> (0x0000000082d139b8) 
thrown [s\src\hotspot\share\interpreter\linkResolver.cpp, line 784]
Event: 11.691 Thread 0x000001ec861591f0 Exception <a 'java/lang/NoSuchMethodError'{0x0000000084be8c08}: static Lorg/gradle/api/internal/catalog/DefaultVersionCatalog;.<clinit>()V> (0x0000000084be8c08) 
thrown [s\src\hotspot\share\prims\jni.cpp, line 1135]
Event: 11.704 Thread 0x000001ec861591f0 Exception <a 'java/lang/NoSuchMethodError'{0x0000000084a39b58}: static [Ljava/lang/Object;.<clinit>()V> (0x0000000084a39b58) 
thrown [s\src\hotspot\share\prims\jni.cpp, line 1135]
Event: 11.712 Thread 0x000001ec861591f0 Exception <a 'java/lang/NoSuchMethodError'{0x0000000084a60f60}: static Lorg/gradle/api/internal/catalog/DependencyModel;.<clinit>()V> (0x0000000084a60f60) 
thrown [s\src\hotspot\share\prims\jni.cpp, line 1135]
Event: 11.713 Thread 0x000001ec861591f0 Exception <a 'java/lang/NoSuchMethodError'{0x0000000084a64c48}: static Lorg/gradle/api/internal/catalog/AbstractContextAwareModel;.<clinit>()V> (0x0000000084a64c48) 
thrown [s\src\hotspot\share\prims\jni.cpp, line 1135]
Event: 11.714 Thread 0x000001ec861591f0 Exception <a 'java/lang/NoSuchMethodError'{0x0000000084a7e398}: static Lorg/gradle/api/internal/artifacts/dependencies/AbstractVersionConstraint;.<clinit>()V> (0x0000000084a7e398) 
thrown [s\src\hotspot\share\prims\jni.cpp, line 1135]
Event: 11.723 Thread 0x000001ec861591f0 Exception <a 'java/lang/NoSuchMethodError'{0x0000000084ae8240}: static Lorg/gradle/api/internal/catalog/PluginModel;.<clinit>()V> (0x0000000084ae8240) 
thrown [s\src\hotspot\share\prims\jni.cpp, line 1135]
Event: 11.725 Thread 0x000001ec861591f0 Exception <a 'java/lang/NoSuchMethodError'{0x0000000084affae8}: static Lorg/gradle/api/internal/catalog/VersionModel;.<clinit>()V> (0x0000000084affae8) 
thrown [s\src\hotspot\share\prims\jni.cpp, line 1135]
Event: 11.729 Thread 0x000001ec861591f0 Exception <a 'java/lang/NoSuchMethodError'{0x00000000849217f0}: 'void java.lang.invoke.DirectMethodHandle$Holder.invokeSpecial(java.lang.Object, java.lang.Object, java.lang.Object, int)'> (0x00000000849217f0) 
thrown [s\src\hotspot\share\interpreter\linkResolver.cpp, line 784]
Event: 11.858 Thread 0x000001ec861591f0 Exception <a 'java/lang/NoSuchMethodError'{0x000000008452b080}: 'int java.lang.invoke.DirectMethodHandle$Holder.invokeSpecialIFC(java.lang.Object, java.lang.Object, java.lang.Object)'> (0x000000008452b080) 
thrown [s\src\hotspot\share\interpreter\linkResolver.cpp, line 784]
Event: 11.920 Thread 0x000001ec861591f0 Exception <a 'java/lang/NoSuchMethodError'{0x00000000842c0f08}: 'java.lang.Object java.lang.invoke.DirectMethodHandle$Holder.invokeSpecial(java.lang.Object, java.lang.Object, java.lang.Object, java.lang.Object, java.lang.Object, long)'> (0x00000000842c0f08) 
thrown [s\src\hotspot\share\interpreter\linkResolver.cpp, line 784]
Event: 11.922 Thread 0x000001ec861591f0 Exception <a 'java/lang/NoSuchMethodError'{0x00000000842e0700}: 'void java.lang.invoke.DirectMethodHandle$Holder.invokeStatic(java.lang.Object, java.lang.Object, java.lang.Object, int, java.lang.Object)'> (0x00000000842e0700) 
thrown [s\src\hotspot\share\interpreter\linkResolver.cpp, line 784]
Event: 12.722 Thread 0x000001ec861591f0 Exception <a 'java/lang/NoSuchMethodError'{0x0000000084820ec8}: 'java.lang.Object java.lang.invoke.DirectMethodHandle$Holder.newInvokeSpecial(java.lang.Object, java.lang.Object, java.lang.Object, java.lang.Object, int, java.lang.Object)'> (0x0000000084820ec8) 
thrown [s\src\hotspot\share\interpreter\linkResolver.cpp, line 784]
Event: 12.723 Thread 0x000001ec861591f0 Exception <a 'java/lang/NoSuchMethodError'{0x0000000084829778}: 'java.lang.Object java.lang.invoke.Invokers$Holder.linkToTargetMethod(java.lang.Object, java.lang.Object, java.lang.Object, int, java.lang.Object, java.lang.Object)'> (0x0000000084829778) 
thrown [s\src\hotspot\share\interpreter\linkResolver.cpp, line 784]

ZGC Phase Switch (0 events):
No events

VM Operations (20 events):
Event: 10.763 Executing VM operation: HandshakeAllThreads (Deoptimize)
Event: 10.763 Executing VM operation: HandshakeAllThreads (Deoptimize) done
Event: 11.165 Executing VM operation: ICBufferFull
Event: 11.165 Executing VM operation: ICBufferFull done
Event: 11.496 Executing VM operation: G1CollectForAllocation (G1 Evacuation Pause)
Event: 11.504 Executing VM operation: G1CollectForAllocation (G1 Evacuation Pause) done
Event: 11.695 Executing VM operation: HandshakeAllThreads (Deoptimize)
Event: 11.695 Executing VM operation: HandshakeAllThreads (Deoptimize) done
Event: 11.749 Executing VM operation: HandshakeAllThreads (Deoptimize)
Event: 11.749 Executing VM operation: HandshakeAllThreads (Deoptimize) done
Event: 12.211 Executing VM operation: ICBufferFull
Event: 12.211 Executing VM operation: ICBufferFull done
Event: 12.447 Executing VM operation: HandshakeAllThreads (Deoptimize)
Event: 12.447 Executing VM operation: HandshakeAllThreads (Deoptimize) done
Event: 12.510 Executing VM operation: ICBufferFull
Event: 12.510 Executing VM operation: ICBufferFull done
Event: 12.610 Executing VM operation: G1CollectForAllocation (G1 Evacuation Pause)
Event: 12.622 Executing VM operation: G1CollectForAllocation (G1 Evacuation Pause) done
Event: 12.855 Executing VM operation: ICBufferFull
Event: 12.855 Executing VM operation: ICBufferFull done

Memory protections (0 events):
No events

Nmethod flushes (20 events):
Event: 10.491 Thread 0x000001ecfb4ebe00 flushing  nmethod 0x000001ece799d490
Event: 10.491 Thread 0x000001ecfb4ebe00 flushing  nmethod 0x000001ece799ee10
Event: 10.491 Thread 0x000001ecfb4ebe00 flushing  nmethod 0x000001ece799fe90
Event: 10.491 Thread 0x000001ecfb4ebe00 flushing  nmethod 0x000001ece79a1490
Event: 10.491 Thread 0x000001ecfb4ebe00 flushing  nmethod 0x000001ece79e7010
Event: 10.491 Thread 0x000001ecfb4ebe00 flushing  nmethod 0x000001ece79e7710
Event: 10.491 Thread 0x000001ecfb4ebe00 flushing  nmethod 0x000001ece7a22b10
Event: 10.491 Thread 0x000001ecfb4ebe00 flushing  nmethod 0x000001ece7a27490
Event: 10.491 Thread 0x000001ecfb4ebe00 flushing  nmethod 0x000001ece7b86b10
Event: 10.491 Thread 0x000001ecfb4ebe00 flushing  nmethod 0x000001ece7b98510
Event: 10.491 Thread 0x000001ecfb4ebe00 flushing  nmethod 0x000001ece7b9c790
Event: 10.491 Thread 0x000001ecfb4ebe00 flushing  nmethod 0x000001ece7bf3090
Event: 10.491 Thread 0x000001ecfb4ebe00 flushing  nmethod 0x000001ece7bf4190
Event: 10.491 Thread 0x000001ecfb4ebe00 flushing  nmethod 0x000001ece7bf5e90
Event: 10.491 Thread 0x000001ecfb4ebe00 flushing  nmethod 0x000001ece7c1a090
Event: 10.491 Thread 0x000001ecfb4ebe00 flushing  nmethod 0x000001ece7ca9790
Event: 10.491 Thread 0x000001ecfb4ebe00 flushing  nmethod 0x000001ece7d3d510
Event: 10.491 Thread 0x000001ecfb4ebe00 flushing  nmethod 0x000001ece7e43b10
Event: 10.491 Thread 0x000001ecfb4ebe00 flushing  nmethod 0x000001ece7e44210
Event: 10.491 Thread 0x000001ecfb4ebe00 flushing  nmethod 0x000001ece7e45e10

Events (20 events):
Event: 3.809 Thread 0x000001ec861591f0 Thread added: 0x000001ec862fccc0
Event: 4.371 Thread 0x000001ec861591f0 Thread added: 0x000001ec862fd350
Event: 4.380 Thread 0x000001ec861591f0 Thread added: 0x000001ec862fbfa0
Event: 4.413 Thread 0x000001ec861591f0 Thread added: 0x000001ec862fd9e0
Event: 4.536 Thread 0x000001ec84189da0 Thread added: 0x000001ec862892c0
Event: 5.827 Thread 0x000001ec861591f0 Thread added: 0x000001ec862fed90
Event: 5.844 Thread 0x000001ec861591f0 Thread added: 0x000001ec862ff420
Event: 6.132 Thread 0x000001ec861591f0 Thread added: 0x000001ec88b35540
Event: 6.138 Thread 0x000001ec861591f0 Thread added: 0x000001ec88b32750
Event: 6.525 Thread 0x000001ec861591f0 Thread added: 0x000001ec88b35bd0
Event: 6.564 Thread 0x000001ec861591f0 Thread added: 0x000001ec88b36260
Event: 6.769 Thread 0x000001ec861591f0 Thread added: 0x000001ec88b33470
Event: 6.936 Thread 0x000001ec861591f0 Thread added: 0x000001ec88b34eb0
Event: 12.495 Thread 0x000001ec862892c0 Thread exited: 0x000001ec862892c0
Event: 12.579 Thread 0x000001ec861591f0 Thread added: 0x000001ec88b34820
Event: 12.579 Thread 0x000001ec861591f0 Thread added: 0x000001ec88b32de0
Event: 12.579 Thread 0x000001ec861591f0 Thread added: 0x000001ec88b33b00
Event: 12.765 Thread 0x000001ec861591f0 Thread added: 0x000001ec88b34190
Event: 12.768 Thread 0x000001ec861591f0 Thread added: 0x000001ec850c06f0
Event: 12.770 Thread 0x000001ec861591f0 Thread added: 0x000001ec850c2e50


Dynamic libraries:
0x00007ff7f42a0000 - 0x00007ff7f42aa000 	C:\Program Files\Android\Android Studio\jbr\bin\java.exe
0x00007ff855e70000 - 0x00007ff856068000 	C:\Windows\SYSTEM32\ntdll.dll
0x00007ff855330000 - 0x00007ff8553f2000 	C:\Windows\System32\KERNEL32.DLL
0x00007ff853910000 - 0x00007ff853c0f000 	C:\Windows\System32\KERNELBASE.dll
0x00007ff8537c0000 - 0x00007ff8538c0000 	C:\Windows\System32\ucrtbase.dll
0x00007ff844a90000 - 0x00007ff844aab000 	C:\Program Files\Android\Android Studio\jbr\bin\VCRUNTIME140.dll
0x00007ff842ef0000 - 0x00007ff842f08000 	C:\Program Files\Android\Android Studio\jbr\bin\jli.dll
0x00007ff853f40000 - 0x00007ff8540dd000 	C:\Windows\System32\USER32.dll
0x00007ff853c10000 - 0x00007ff853c32000 	C:\Windows\System32\win32u.dll
0x00007ff854a50000 - 0x00007ff854a7b000 	C:\Windows\System32\GDI32.dll
0x00007ff853d70000 - 0x00007ff853e8a000 	C:\Windows\System32\gdi32full.dll
0x00007ff853c40000 - 0x00007ff853cdd000 	C:\Windows\System32\msvcp_win.dll
0x00007ff84cbc0000 - 0x00007ff84ce5a000 	C:\Windows\WinSxS\amd64_microsoft.windows.common-controls_6595b64144ccf1df_6.0.19041.4355_none_60b8b9eb71f62e16\COMCTL32.dll
0x00007ff854680000 - 0x00007ff85471e000 	C:\Windows\System32\msvcrt.dll
0x00007ff855d10000 - 0x00007ff855d3f000 	C:\Windows\System32\IMM32.DLL
0x00007ff84e1b0000 - 0x00007ff84e1bc000 	C:\Program Files\Android\Android Studio\jbr\bin\vcruntime140_1.dll
0x00007ff82e780000 - 0x00007ff82e80d000 	C:\Program Files\Android\Android Studio\jbr\bin\msvcp140.dll
0x00007ff8359b0000 - 0x00007ff836633000 	C:\Program Files\Android\Android Studio\jbr\bin\server\jvm.dll
0x00007ff8555f0000 - 0x00007ff85569f000 	C:\Windows\System32\ADVAPI32.dll
0x00007ff854720000 - 0x00007ff8547bf000 	C:\Windows\System32\sechost.dll
0x00007ff854a80000 - 0x00007ff854ba3000 	C:\Windows\System32\RPCRT4.dll
0x00007ff853670000 - 0x00007ff853697000 	C:\Windows\System32\bcrypt.dll
0x00007ff854610000 - 0x00007ff85467b000 	C:\Windows\System32\WS2_32.dll
0x00007ff8532c0000 - 0x00007ff85330b000 	C:\Windows\SYSTEM32\POWRPROF.dll
0x00007ff84d710000 - 0x00007ff84d737000 	C:\Windows\SYSTEM32\WINMM.dll
0x00007ff84d740000 - 0x00007ff84d74a000 	C:\Windows\SYSTEM32\VERSION.dll
0x00007ff8532a0000 - 0x00007ff8532b2000 	C:\Windows\SYSTEM32\UMPDC.dll
0x00007ff851260000 - 0x00007ff851272000 	C:\Windows\SYSTEM32\kernel.appcore.dll
0x00007ff84e190000 - 0x00007ff84e19a000 	C:\Program Files\Android\Android Studio\jbr\bin\jimage.dll
0x00007ff83fcf0000 - 0x00007ff83fed4000 	C:\Windows\SYSTEM32\DBGHELP.DLL
0x00007ff83f620000 - 0x00007ff83f654000 	C:\Windows\SYSTEM32\dbgcore.DLL
0x00007ff853ce0000 - 0x00007ff853d62000 	C:\Windows\System32\bcryptPrimitives.dll
0x00007ff83f570000 - 0x00007ff83f57e000 	C:\Program Files\Android\Android Studio\jbr\bin\instrument.dll
0x00007ff83fca0000 - 0x00007ff83fcc0000 	C:\Program Files\Android\Android Studio\jbr\bin\java.dll
0x00007ff83edb0000 - 0x00007ff83edc8000 	C:\Program Files\Android\Android Studio\jbr\bin\zip.dll
0x00007ff854bb0000 - 0x00007ff85531d000 	C:\Windows\System32\SHELL32.dll
0x00007ff851570000 - 0x00007ff851d14000 	C:\Windows\SYSTEM32\windows.storage.dll
0x00007ff8542b0000 - 0x00007ff854605000 	C:\Windows\System32\combase.dll
0x00007ff852d90000 - 0x00007ff852dbb000 	C:\Windows\SYSTEM32\Wldp.dll
0x00007ff854970000 - 0x00007ff854a3d000 	C:\Windows\System32\OLEAUT32.dll
0x00007ff855400000 - 0x00007ff8554ad000 	C:\Windows\System32\SHCORE.dll
0x00007ff8556a0000 - 0x00007ff8556f5000 	C:\Windows\System32\shlwapi.dll
0x00007ff853440000 - 0x00007ff853465000 	C:\Windows\SYSTEM32\profapi.dll
0x00007ff84d330000 - 0x00007ff84d340000 	C:\Program Files\Android\Android Studio\jbr\bin\net.dll
0x00007ff84dbf0000 - 0x00007ff84dcfa000 	C:\Windows\SYSTEM32\WINHTTP.dll
0x00007ff852b70000 - 0x00007ff852bdc000 	C:\Windows\system32\mswsock.dll
0x00007ff83b8f0000 - 0x00007ff83b906000 	C:\Program Files\Android\Android Studio\jbr\bin\nio.dll
0x00007ff847030000 - 0x00007ff847040000 	C:\Program Files\Android\Android Studio\jbr\bin\verify.dll
0x00007ff835470000 - 0x00007ff835497000 	C:\Users\Nacho\.gradle\native\c067742578af261105cb4f569cf0c3c89f3d7b1fecec35dd04571415982c5e48\windows-amd64\native-platform.dll
0x00007ff829470000 - 0x00007ff8295b4000 	C:\Users\Nacho\.gradle\native\100fb08df4bc3b14c8652ba06237920a3bd2aa13389f12d3474272988ae205f9\windows-amd64\native-platform-file-events.dll
0x00007ff84a0b0000 - 0x00007ff84a0b9000 	C:\Program Files\Android\Android Studio\jbr\bin\management.dll
0x00007ff84a060000 - 0x00007ff84a06b000 	C:\Program Files\Android\Android Studio\jbr\bin\management_ext.dll
0x00007ff855d40000 - 0x00007ff855d48000 	C:\Windows\System32\PSAPI.DLL
0x00007ff853140000 - 0x00007ff853158000 	C:\Windows\SYSTEM32\CRYPTSP.dll
0x00007ff8524b0000 - 0x00007ff8524e8000 	C:\Windows\system32\rsaenh.dll
0x00007ff8533c0000 - 0x00007ff8533ee000 	C:\Windows\SYSTEM32\USERENV.dll
0x00007ff852d00000 - 0x00007ff852d0c000 	C:\Windows\SYSTEM32\CRYPTBASE.dll
0x00007ff852870000 - 0x00007ff8528ab000 	C:\Windows\SYSTEM32\IPHLPAPI.DLL
0x00007ff855320000 - 0x00007ff855328000 	C:\Windows\System32\NSI.dll
0x00007ff84a160000 - 0x00007ff84a169000 	C:\Program Files\Android\Android Studio\jbr\bin\extnet.dll
0x00007ff84c1f0000 - 0x00007ff84c1f7000 	C:\Windows\system32\wshunix.dll

dbghelp: loaded successfully - version: 4.0.5 - missing functions: none
symbol engine: initialized successfully - sym options: 0x614 - pdb path: .;C:\Program Files\Android\Android Studio\jbr\bin;C:\Windows\SYSTEM32;C:\Windows\WinSxS\amd64_microsoft.windows.common-controls_6595b64144ccf1df_6.0.19041.4355_none_60b8b9eb71f62e16;C:\Program Files\Android\Android Studio\jbr\bin\server;C:\Users\Nacho\.gradle\native\c067742578af261105cb4f569cf0c3c89f3d7b1fecec35dd04571415982c5e48\windows-amd64;C:\Users\Nacho\.gradle\native\100fb08df4bc3b14c8652ba06237920a3bd2aa13389f12d3474272988ae205f9\windows-amd64

VM Arguments:
jvm_args: --add-opens=java.base/java.util=ALL-UNNAMED --add-opens=java.base/java.lang=ALL-UNNAMED --add-opens=java.base/java.lang.invoke=ALL-UNNAMED --add-opens=java.prefs/java.util.prefs=ALL-UNNAMED --add-exports=jdk.compiler/com.sun.tools.javac.api=ALL-UNNAMED --add-exports=jdk.compiler/com.sun.tools.javac.util=ALL-UNNAMED --add-opens=java.base/java.nio.charset=ALL-UNNAMED --add-opens=java.base/java.net=ALL-UNNAMED --add-opens=java.base/java.util.concurrent.atomic=ALL-UNNAMED -Xmx2048m -Dfile.encoding=UTF-8 -Duser.country=ES -Duser.language=es -Duser.variant -javaagent:C:\Users\Nacho\.gradle\wrapper\dists\gradle-8.10.2-bin\a04bxjujx95o3nb99gddekhwo\gradle-8.10.2\lib\agents\gradle-instrumentation-agent-8.10.2.jar 
java_command: org.gradle.launcher.daemon.bootstrap.GradleDaemon 8.10.2
java_class_path (initial): C:\Users\Nacho\.gradle\wrapper\dists\gradle-8.10.2-bin\a04bxjujx95o3nb99gddekhwo\gradle-8.10.2\lib\gradle-daemon-main-8.10.2.jar
Launcher Type: SUN_STANDARD

[Global flags]
     intx CICompilerCount                          = 3                                         {product} {ergonomic}
     uint ConcGCThreads                            = 1                                         {product} {ergonomic}
     uint G1ConcRefinementThreads                  = 4                                         {product} {ergonomic}
   size_t G1HeapRegionSize                         = 1048576                                   {product} {ergonomic}
    uintx GCDrainStackTargetSize                   = 64                                        {product} {ergonomic}
   size_t InitialHeapSize                          = 67108864                                  {product} {ergonomic}
   size_t MarkStackSize                            = 4194304                                   {product} {ergonomic}
   size_t MaxHeapSize                              = 2147483648                                {product} {command line}
   size_t MaxNewSize                               = 1287651328                                {product} {ergonomic}
   size_t MinHeapDeltaBytes                        = 1048576                                   {product} {ergonomic}
   size_t MinHeapSize                              = 8388608                                   {product} {ergonomic}
    uintx NonNMethodCodeHeapSize                   = 5832780                                {pd product} {ergonomic}
    uintx NonProfiledCodeHeapSize                  = 122912730                              {pd product} {ergonomic}
    uintx ProfiledCodeHeapSize                     = 122912730                              {pd product} {ergonomic}
    uintx ReservedCodeCacheSize                    = 251658240                              {pd product} {ergonomic}
     bool SegmentedCodeCache                       = true                                      {product} {ergonomic}
   size_t SoftMaxHeapSize                          = 2147483648                             {manageable} {ergonomic}
     bool UseCompressedOops                        = true                           {product lp64_product} {ergonomic}
     bool UseG1GC                                  = true                                      {product} {ergonomic}
     bool UseLargePagesIndividualAllocation        = false                                  {pd product} {ergonomic}

Logging:
Log output configuration:
 #0: stdout all=warning uptime,level,tags foldmultilines=false
 #1: stderr all=off uptime,level,tags foldmultilines=false

Environment Variables:
PATH=C:\ProgramData\Oracle\Java\javapath;C:\Program Files (x86)\NVIDIA Corporation\PhysX\Common;C:\Windows\system32;C:\Windows;C:\Windows\System32\Wbem;C:\Windows\System32\WindowsPowerShell\v1.0\;C:\Windows\System32\OpenSSH\;C:\Program Files\Microsoft VS Code\bin;C:\Program Files\Microsoft SQL Server\150\Tools\Binn\;C:\Program Files\nodejs\;C:\Program Files (x86)\Microsoft SQL Server\160\Tools\Binn\;C:\Program Files\Microsoft SQL Server\160\Tools\Binn\;C:\Program Files\Microsoft SQL Server\Client SDK\ODBC\170\Tools\Binn\;C:\Program Files\Microsoft SQL Server\160\DTS\Binn\;C:\Program Files\MySQL\MySQL Utilities 1.6\;C:\Program Files\Git\cmd;C:\xampp\php;C:\composer;C:\Program Files\MySQL\MySQL Shell 9.0\bin\;C:\Users\Nacho\AppData\Local\Programs\Python\Python312\Scripts\;C:\Users\Nacho\AppData\Local\Programs\Python\Python312\;C:\Users\Nacho\AppData\Local\Microsoft\WindowsApps;C:\Users\Nacho\AppData\Roaming\npm;C:\Users\Nacho\AppData\Local\GitHubDesktop\bin;C:\Users\Nacho\AppData\Roaming\Composer\vendor\bin;C:\Program Files\Multipass\bin
USERNAME=Nacho
OS=Windows_NT
PROCESSOR_IDENTIFIER=Intel64 Family 6 Model 37 Stepping 5, GenuineIntel
TMP=C:\Users\Nacho\AppData\Local\Temp
TEMP=C:\Users\Nacho\AppData\Local\Temp




Periodic native trim disabled

JNI global refs:
JNI global refs: 27, weak refs: 48

JNI global refs memory usage: 835, weak refs: 833

Process memory usage:
Resident Set Size: 284904K (6% of 4185140K total physical memory with 317568K free physical memory)

OOME stack traces (most recent first):
Classloader memory used:
Loader org.gradle.internal.classloader.VisitableURLClassLoader                         : 32984K
Loader bootstrap                                                                       : 22631K
Loader org.gradle.initialization.MixInLegacyTypesClassLoader                           : 9398K
Loader jdk.internal.loader.ClassLoaders$PlatformClassLoader                            : 534K
Loader jdk.internal.loader.ClassLoaders$AppClassLoader                                 : 234K
Loader org.gradle.internal.classloader.VisitableURLClassLoader                         : 112K
Loader jdk.internal.reflect.DelegatingClassLoader                                      : 75336B

Classes loaded by more than one classloader:
Class Program                                                                         : loaded 3 times (x 68B)
Class org.gradle.internal.classloader.ClassLoaderHierarchy                            : loaded 2 times (x 66B)
Class org.gradle.api.internal.classpath.ManifestUtil                                  : loaded 2 times (x 67B)
Class org.gradle.internal.classloader.DefaultClassLoaderFactory                       : loaded 2 times (x 78B)
Class org.gradle.internal.classloader.ClassLoaderVisitor                              : loaded 2 times (x 72B)
Class org.gradle.api.internal.classpath.EffectiveClassPath                            : loaded 2 times (x 86B)
Class org.gradle.api.internal.DefaultClassPathProvider                                : loaded 2 times (x 72B)
Class [Lorg.gradle.api.internal.ClassPathProvider;                                    : loaded 2 times (x 65B)
Class org.gradle.api.internal.ClassPathProvider                                       : loaded 2 times (x 66B)
Class org.gradle.internal.service.UnknownServiceException                             : loaded 2 times (x 79B)
Class org.gradle.internal.classpath.TransformedClassPath                              : loaded 2 times (x 92B)
Class org.gradle.internal.classloader.InstrumentingClassLoader                        : loaded 2 times (x 66B)
Class org.gradle.internal.service.ServiceLocator                                      : loaded 2 times (x 66B)
Class org.gradle.internal.InternalTransformer                                         : loaded 2 times (x 66B)
Class org.gradle.internal.classloader.ClasspathUtil$1                                 : loaded 2 times (x 72B)
Class org.gradle.api.internal.classpath.DefaultModuleRegistry$DefaultModule           : loaded 2 times (x 82B)
Class org.gradle.api.internal.classpath.Module                                        : loaded 2 times (x 66B)
Class org.gradle.api.internal.classpath.UnknownModuleException                        : loaded 2 times (x 78B)
Class org.gradle.api.internal.DefaultClassPathRegistry                                : loaded 2 times (x 72B)
Class org.gradle.api.internal.ClassPathRegistry                                       : loaded 2 times (x 66B)
Class org.gradle.internal.classpath.DefaultClassPath$ImmutableUniqueList              : loaded 2 times (x 195B)
Class org.gradle.internal.classloader.FilteringClassLoader                            : loaded 2 times (x 101B)
Class Settings_gradle$1                                                               : loaded 2 times (x 70B)
Class org.gradle.internal.classpath.ClassPath                                         : loaded 2 times (x 66B)
Class org.gradle.api.UncheckedIOException                                             : loaded 2 times (x 78B)
Class org.gradle.internal.installation.GradleInstallation$1                           : loaded 2 times (x 71B)
Class org.gradle.api.internal.classpath.ModuleRegistry                                : loaded 2 times (x 66B)
Class org.gradle.api.internal.classpath.DefaultModuleRegistry                         : loaded 2 times (x 82B)
Class org.gradle.internal.service.ServiceLookupException                              : loaded 2 times (x 78B)
Class org.gradle.internal.classloader.ClassLoaderFactory                              : loaded 2 times (x 66B)
Class org.gradle.internal.service.CachingServiceLocator                               : loaded 2 times (x 78B)
Class org.gradle.internal.classloader.ClasspathUtil                                   : loaded 2 times (x 67B)
Class org.gradle.api.specs.Spec                                                       : loaded 2 times (x 66B)
Class org.gradle.internal.classloader.VisitableURLClassLoader$InstrumentingVisitableURLClassLoader: loaded 2 times (x 119B)
Class org.gradle.internal.classloader.VisitableURLClassLoader$Spec                    : loaded 2 times (x 70B)
Class org.gradle.internal.classpath.DefaultClassPath                                  : loaded 2 times (x 86B)
Class org.gradle.internal.classloader.ClassLoaderSpec                                 : loaded 2 times (x 67B)
Class Settings_gradle$1$1                                                             : loaded 2 times (x 70B)
Class org.gradle.internal.classloader.VisitableURLClassLoader                         : loaded 2 times (x 113B)
Class Settings_gradle                                                                 : loaded 2 times (x 124B)
Class org.gradle.internal.Cast                                                        : loaded 2 times (x 67B)
Class org.gradle.api.Action                                                           : loaded 2 times (x 66B)
Class org.gradle.internal.classpath.DefaultClassPath$ImmutableUniqueList$Builder      : loaded 2 times (x 71B)
Class org.gradle.api.GradleException                                                  : loaded 2 times (x 78B)
Class org.gradle.internal.IoActions                                                   : loaded 2 times (x 67B)
Class org.gradle.internal.classloader.SystemClassLoaderSpec                           : loaded 2 times (x 67B)
Class org.gradle.api.internal.classpath.GlobalCacheRootsProvider                      : loaded 2 times (x 66B)
Class org.gradle.internal.installation.CurrentGradleInstallationLocator               : loaded 2 times (x 67B)
Class org.gradle.internal.service.DefaultServiceLocator                               : loaded 2 times (x 79B)
Class org.gradle.internal.installation.CurrentGradleInstallation                      : loaded 2 times (x 69B)
Class org.gradle.util.internal.GUtil                                                  : loaded 2 times (x 67B)
Class org.gradle.internal.installation.GradleInstallation                             : loaded 2 times (x 71B)

---------------  S Y S T E M  ---------------

OS:
 Windows 10 , 64 bit Build 19041 (10.0.19041.5438)
OS uptime: 0 days 3:04 hours
Hyper-V role detected

CPU: total 4 (initial active 4) (2 cores per cpu, 2 threads per core) family 6 model 37 stepping 5 microcode 0x7, cx8, cmov, fxsr, ht, mmx, sse, sse2, sse3, ssse3, sse4.1, sse4.2, popcnt, tsc, tscinvbit, aes, clmul, clflush, hv, rdtscp
Processor Information for all 4 processors :
  Max Mhz: 3601, Current Mhz: 3601, Mhz Limit: 3601

Memory: 4k page, system-wide physical 4087M (310M free)
TotalPageFile size 13674M (AvailPageFile size 6498M)
current process WorkingSet (physical memory assigned to process): 278M, peak: 282M
current process commit charge ("private bytes"): 308M, peak: 314M

vm_info: OpenJDK 64-Bit Server VM (21.0.4+-12508038-b607.1) for windows-amd64 JRE (21.0.4+-12508038-b607.1), built on 2024-10-16T17:23:34Z by "builder" with MS VC++ 16.10 / 16.11 (VS2019)

END.
